  Player.cpp
c:\users\admin.desktop-9r177ae\documents\github\tetrispsk\tetrispsk\player.cpp(41): warning C4244: "argument": konwersja z "double" do "T", możliwa utrata danych
          with
          [
              T=float
          ]
c:\users\admin.desktop-9r177ae\documents\github\tetrispsk\tetrispsk\player.cpp(42): warning C4244: "argument": konwersja z "double" do "T", możliwa utrata danych
          with
          [
              T=float
          ]
c:\users\admin.desktop-9r177ae\documents\github\tetrispsk\tetrispsk\player.cpp(83): warning C4267: "=": konwersja z "size_t" do "int", możliwa utrata danych
c:\users\admin.desktop-9r177ae\documents\github\tetrispsk\tetrispsk\player.cpp(94): warning C4267: "=": konwersja z "size_t" do "int", możliwa utrata danych
c:\users\admin.desktop-9r177ae\documents\github\tetrispsk\tetrispsk\player.cpp(134): warning C4244: "argument": konwersja z "double" do "T", możliwa utrata danych
          with
          [
              T=float
          ]
c:\users\admin.desktop-9r177ae\documents\github\tetrispsk\tetrispsk\player.cpp(301): warning C4267: "inicjowanie": konwersja z "size_t" do "int", możliwa utrata danych
c:\users\admin.desktop-9r177ae\documents\github\tetrispsk\tetrispsk\player.cpp(675): warning C4244: "-=": konwersja z "double" do "int", możliwa utrata danych
c:\users\admin.desktop-9r177ae\documents\github\tetrispsk\tetrispsk\player.cpp(682): warning C4267: "inicjowanie": konwersja z "size_t" do "int", możliwa utrata danych
c:\users\admin.desktop-9r177ae\documents\github\tetrispsk\tetrispsk\player.cpp(702): warning C4244: "=": konwersja z "double" do "int", możliwa utrata danych
c:\users\admin.desktop-9r177ae\documents\github\tetrispsk\tetrispsk\player.cpp(970): warning C4244: "+=": konwersja z "double" do "int", możliwa utrata danych
c:\users\admin.desktop-9r177ae\documents\github\tetrispsk\tetrispsk\player.cpp(979): warning C4244: "+=": konwersja z "double" do "int", możliwa utrata danych
c:\users\admin.desktop-9r177ae\documents\github\tetrispsk\tetrispsk\player.cpp(1000): warning C4244: "+=": konwersja z "double" do "int", możliwa utrata danych
c:\users\admin.desktop-9r177ae\documents\github\tetrispsk\tetrispsk\player.cpp(1009): warning C4244: "+=": konwersja z "double" do "int", możliwa utrata danych
c:\users\admin.desktop-9r177ae\documents\github\tetrispsk\tetrispsk\player.cpp(1030): warning C4244: "+=": konwersja z "double" do "int", możliwa utrata danych
c:\users\admin.desktop-9r177ae\documents\github\tetrispsk\tetrispsk\player.cpp(1091): warning C4267: "inicjowanie": konwersja z "size_t" do "int", możliwa utrata danych
c:\users\admin.desktop-9r177ae\documents\github\tetrispsk\tetrispsk\player.cpp(1203): warning C4244: "argument": konwersja z "double" do "T", możliwa utrata danych
          with
          [
              T=float
          ]
c:\users\admin.desktop-9r177ae\documents\github\tetrispsk\tetrispsk\player.cpp(1204): warning C4244: "argument": konwersja z "double" do "T", możliwa utrata danych
          with
          [
              T=float
          ]
c:\users\admin.desktop-9r177ae\documents\github\tetrispsk\tetrispsk\player.cpp(1213): warning C4244: "argument": konwersja z "double" do "T", możliwa utrata danych
          with
          [
              T=float
          ]
c:\users\admin.desktop-9r177ae\documents\github\tetrispsk\tetrispsk\player.cpp(1214): warning C4244: "argument": konwersja z "double" do "T", możliwa utrata danych
          with
          [
              T=float
          ]
c:\users\admin.desktop-9r177ae\documents\github\tetrispsk\tetrispsk\player.cpp(1226): warning C4305: "argument": obcięcie z "double" do "T"
          with
          [
              T=float
          ]
c:\users\admin.desktop-9r177ae\documents\github\tetrispsk\tetrispsk\player.cpp(1230): warning C4244: "argument": konwersja z "double" do "T", możliwa utrata danych
          with
          [
              T=float
          ]
c:\users\admin.desktop-9r177ae\documents\github\tetrispsk\tetrispsk\player.cpp(1311): warning C4244: "=": konwersja z "const T" do "int", możliwa utrata danych
          with
          [
              T=float
          ]
c:\users\admin.desktop-9r177ae\documents\github\tetrispsk\tetrispsk\player.cpp(1312): warning C4244: "=": konwersja z "const T" do "int", możliwa utrata danych
          with
          [
              T=float
          ]
c:\users\admin.desktop-9r177ae\documents\github\tetrispsk\tetrispsk\player.cpp(1313): warning C4244: "=": konwersja z "const T" do "int", możliwa utrata danych
          with
          [
              T=float
          ]
c:\users\admin.desktop-9r177ae\documents\github\tetrispsk\tetrispsk\player.cpp(1314): warning C4244: "=": konwersja z "const T" do "int", możliwa utrata danych
          with
          [
              T=float
          ]
c:\users\admin.desktop-9r177ae\documents\github\tetrispsk\tetrispsk\player.cpp(1319): warning C4244: "=": konwersja z "const T" do "int", możliwa utrata danych
          with
          [
              T=float
          ]
c:\users\admin.desktop-9r177ae\documents\github\tetrispsk\tetrispsk\player.cpp(1321): warning C4244: "=": konwersja z "const T" do "int", możliwa utrata danych
          with
          [
              T=float
          ]
c:\users\admin.desktop-9r177ae\documents\github\tetrispsk\tetrispsk\player.cpp(1323): warning C4244: "=": konwersja z "const T" do "int", możliwa utrata danych
          with
          [
              T=float
          ]
c:\users\admin.desktop-9r177ae\documents\github\tetrispsk\tetrispsk\player.cpp(1325): warning C4244: "=": konwersja z "const T" do "int", możliwa utrata danych
          with
          [
              T=float
          ]
c:\users\admin.desktop-9r177ae\documents\github\tetrispsk\tetrispsk\player.cpp(1332): warning C4244: "argument": konwersja z "double" do "T", możliwa utrata danych
          with
          [
              T=float
          ]
c:\users\admin.desktop-9r177ae\documents\github\tetrispsk\tetrispsk\player.cpp(1333): warning C4244: "argument": konwersja z "double" do "T", możliwa utrata danych
          with
          [
              T=float
          ]
c:\users\admin.desktop-9r177ae\documents\github\tetrispsk\tetrispsk\player.cpp(1334): warning C4244: "argument": konwersja z "double" do "float", możliwa utrata danych
  Queue.cpp
  common.cpp
c:\users\admin.desktop-9r177ae\documents\github\tetrispsk\tetrispsk\common.h(15): warning C4244: "inicjowanie": konwersja z "double" do "int", możliwa utrata danych
c:\users\admin.desktop-9r177ae\documents\github\tetrispsk\tetrispsk\common.h(16): warning C4244: "inicjowanie": konwersja z "double" do "int", możliwa utrata danych
  pQueue.cpp
c:\users\admin.desktop-9r177ae\documents\github\tetrispsk\tetrispsk\pqueue.cpp(9): warning C4099: "Queue": nazwa typu najpierw widoczna przy użyciu "class" teraz widoczna przy użyciu "struct"
  c:\users\admin.desktop-9r177ae\documents\github\tetrispsk\tetrispsk\queue.h(4): note: zobacz deklarację „Queue”
c:\users\admin.desktop-9r177ae\documents\github\tetrispsk\tetrispsk\pqueue.cpp(10): warning C4099: "Queue": nazwa typu najpierw widoczna przy użyciu "class" teraz widoczna przy użyciu "struct"
  c:\users\admin.desktop-9r177ae\documents\github\tetrispsk\tetrispsk\queue.h(4): note: zobacz deklarację „Queue”
c:\users\admin.desktop-9r177ae\documents\github\tetrispsk\tetrispsk\pqueue.cpp(15): warning C4099: "Queue": nazwa typu najpierw widoczna przy użyciu "class" teraz widoczna przy użyciu "struct"
  c:\users\admin.desktop-9r177ae\documents\github\tetrispsk\tetrispsk\queue.h(4): note: zobacz deklarację „Queue”
  Źródło.cpp
c:\users\admin.desktop-9r177ae\documents\github\tetrispsk\tetrispsk\źródło.cpp(75): warning C4244: "argument": konwersja z "time_t" do "unsigned int", możliwa utrata danych
c:\users\admin.desktop-9r177ae\documents\github\tetrispsk\tetrispsk\źródło.cpp(296): warning C4244: "argument": konwersja z "double" do "T", możliwa utrata danych
          with
          [
              T=float
          ]
c:\users\admin.desktop-9r177ae\documents\github\tetrispsk\tetrispsk\źródło.cpp(296): warning C4244: "argument": konwersja z "int" do "T", możliwa utrata danych
          with
          [
              T=float
          ]
c:\users\admin.desktop-9r177ae\documents\github\tetrispsk\tetrispsk\źródło.cpp(309): warning C4244: "argument": konwersja z "double" do "T", możliwa utrata danych
          with
          [
              T=float
          ]
c:\users\admin.desktop-9r177ae\documents\github\tetrispsk\tetrispsk\źródło.cpp(310): warning C4244: "argument": konwersja z "double" do "T", możliwa utrata danych
          with
          [
              T=float
          ]
c:\users\admin.desktop-9r177ae\documents\github\tetrispsk\tetrispsk\źródło.cpp(313): warning C4244: "argument": konwersja z "double" do "T", możliwa utrata danych
          with
          [
              T=float
          ]
c:\users\admin.desktop-9r177ae\documents\github\tetrispsk\tetrispsk\źródło.cpp(314): warning C4244: "argument": konwersja z "double" do "T", możliwa utrata danych
          with
          [
              T=float
          ]
c:\users\admin.desktop-9r177ae\documents\github\tetrispsk\tetrispsk\źródło.cpp(318): warning C4244: "argument": konwersja z "double" do "T", możliwa utrata danych
          with
          [
              T=float
          ]
c:\users\admin.desktop-9r177ae\documents\github\tetrispsk\tetrispsk\źródło.cpp(319): warning C4244: "argument": konwersja z "double" do "T", możliwa utrata danych
          with
          [
              T=float
          ]
c:\users\admin.desktop-9r177ae\documents\github\tetrispsk\tetrispsk\źródło.cpp(319): warning C4244: "argument": konwersja z "int" do "T", możliwa utrata danych
          with
          [
              T=float
          ]
c:\users\admin.desktop-9r177ae\documents\github\tetrispsk\tetrispsk\źródło.cpp(323): warning C4244: "argument": konwersja z "double" do "T", możliwa utrata danych
          with
          [
              T=float
          ]
c:\users\admin.desktop-9r177ae\documents\github\tetrispsk\tetrispsk\źródło.cpp(324): warning C4244: "argument": konwersja z "double" do "T", możliwa utrata danych
          with
          [
              T=float
          ]
c:\users\admin.desktop-9r177ae\documents\github\tetrispsk\tetrispsk\źródło.cpp(486): warning C4267: "inicjowanie": konwersja z "size_t" do "int", możliwa utrata danych
c:\users\admin.desktop-9r177ae\documents\github\tetrispsk\tetrispsk\źródło.cpp(552): warning C4267: "inicjowanie": konwersja z "size_t" do "int", możliwa utrata danych
c:\users\admin.desktop-9r177ae\documents\github\tetrispsk\tetrispsk\źródło.cpp(103): warning C4101: "fpsCount": lokalna zmienna, do której nie istnieje odwołanie
  Generowanie kodu...
  TetrisPSk.vcxproj -> C:\Users\admin.DESKTOP-9R177AE\Documents\GitHub\TetrisPSK\TetrisPSk\x64\Debug\TetrisPSk.exe
