  Źródło.cpp
c:\users\admin.desktop-9r177ae\documents\github\tetrispsk\tetrispsk\źródło.cpp(75): warning C4244: "argument": konwersja z "time_t" do "unsigned int", możliwa utrata danych
c:\users\admin.desktop-9r177ae\documents\github\tetrispsk\tetrispsk\źródło.cpp(296): warning C4244: "argument": konwersja z "double" do "T", możliwa utrata danych
          with
          [
              T=float
          ]
c:\users\admin.desktop-9r177ae\documents\github\tetrispsk\tetrispsk\źródło.cpp(296): warning C4244: "argument": konwersja z "int" do "T", możliwa utrata danych
          with
          [
              T=float
          ]
c:\users\admin.desktop-9r177ae\documents\github\tetrispsk\tetrispsk\źródło.cpp(309): warning C4244: "argument": konwersja z "double" do "T", możliwa utrata danych
          with
          [
              T=float
          ]
c:\users\admin.desktop-9r177ae\documents\github\tetrispsk\tetrispsk\źródło.cpp(310): warning C4244: "argument": konwersja z "double" do "T", możliwa utrata danych
          with
          [
              T=float
          ]
c:\users\admin.desktop-9r177ae\documents\github\tetrispsk\tetrispsk\źródło.cpp(313): warning C4244: "argument": konwersja z "double" do "T", możliwa utrata danych
          with
          [
              T=float
          ]
c:\users\admin.desktop-9r177ae\documents\github\tetrispsk\tetrispsk\źródło.cpp(314): warning C4244: "argument": konwersja z "double" do "T", możliwa utrata danych
          with
          [
              T=float
          ]
c:\users\admin.desktop-9r177ae\documents\github\tetrispsk\tetrispsk\źródło.cpp(318): warning C4244: "argument": konwersja z "double" do "T", możliwa utrata danych
          with
          [
              T=float
          ]
c:\users\admin.desktop-9r177ae\documents\github\tetrispsk\tetrispsk\źródło.cpp(319): warning C4244: "argument": konwersja z "double" do "T", możliwa utrata danych
          with
          [
              T=float
          ]
c:\users\admin.desktop-9r177ae\documents\github\tetrispsk\tetrispsk\źródło.cpp(319): warning C4244: "argument": konwersja z "int" do "T", możliwa utrata danych
          with
          [
              T=float
          ]
c:\users\admin.desktop-9r177ae\documents\github\tetrispsk\tetrispsk\źródło.cpp(323): warning C4244: "argument": konwersja z "double" do "T", możliwa utrata danych
          with
          [
              T=float
          ]
c:\users\admin.desktop-9r177ae\documents\github\tetrispsk\tetrispsk\źródło.cpp(324): warning C4244: "argument": konwersja z "double" do "T", możliwa utrata danych
          with
          [
              T=float
          ]
c:\users\admin.desktop-9r177ae\documents\github\tetrispsk\tetrispsk\źródło.cpp(486): warning C4267: "inicjowanie": konwersja z "size_t" do "int", możliwa utrata danych
c:\users\admin.desktop-9r177ae\documents\github\tetrispsk\tetrispsk\źródło.cpp(552): warning C4267: "inicjowanie": konwersja z "size_t" do "int", możliwa utrata danych
c:\users\admin.desktop-9r177ae\documents\github\tetrispsk\tetrispsk\źródło.cpp(103): warning C4101: "fpsCount": lokalna zmienna, do której nie istnieje odwołanie
  Trwa generowanie kodu
  1 of 447 functions ( 0.2%) were compiled, the rest were copied from previous compilation.
    0 functions were new in current compilation
    0 functions had inline decision re-evaluated but remain unchanged
  Zakończono generowanie kodu
  TetrisPSk.vcxproj -> C:\Users\admin.DESKTOP-9R177AE\Documents\GitHub\TetrisPSK\TetrisPSk\x64\Release\TetrisPSk.exe
